{"message":"mongodb://demo:demo123456@ds155714.mlab.com:55714//book_store","level":"info"}
{"message":"Error while attempting to connect to database:","level":"error"}
{"operationTime":"6646957435296677894","ok":0,"errmsg":"Invalid database name: '/book_store'","code":73,"codeName":"InvalidNamespace","$clusterTime":{"clusterTime":"6646957435296677894","signature":{"hash":"QFcXvWSiZpwTFTf147GM5yF62EY=","keyId":"6645496291717545985"}},"name":"MongoError","level":"error"}
{"message":"mongodb://demo:demo123456@ds155714.mlab.com:55714/book_store","level":"info"}
{"message":"Error while attempting to connect to database:","level":"error"}
{"ok":0,"errmsg":"Authentication failed.","code":18,"codeName":"AuthenticationFailed","operationTime":"6646957559850729473","$clusterTime":{"clusterTime":"6646957559850729473","signature":{"hash":"eZ43E7N4jh90KEn5s6eYLE3+ocM=","keyId":"6645496291717545985"}},"name":"MongoError","level":"error"}
{"message":"mongodb://demo:Demo123456@ds155714.mlab.com:55714/book_store","level":"info"}
{"message":"Successfully connected to mongodb://demo:Demo123456@ds155714.mlab.com:55714 MongoDB cluster in logger mode.","level":"info"}
{"message":"mongodb://demo:Demo123456@ds155714.mlab.com:55714/book_store","level":"info"}
{"message":"Successfully connected to  MongoDB.","level":"info"}
{"message":"mongodb://demo:Demo123456@ds155714.mlab.com:55714/book_store","level":"info"}
{"message":"Successfully connected to  MongoDB.","level":"info"}
{"message":"mongodb://demo:Demo123456@ds155714.mlab.com:55714/book_store","level":"info"}
{"message":"Successfully connected to  MongoDB.","level":"info"}
{"message":"mongodb://demo:Demo123456@ds155714.mlab.com:55714/book_store","level":"info"}
{"message":"Successfully connected to  MongoDB.","level":"info"}
{"message":"mongodb://demo:Demo123456@ds155714.mlab.com:55714/book_store","level":"info"}
{"message":"Successfully connected to  MongoDB.","level":"info"}
{"message":"Successfully connected to  MongoDB.","level":"info"}
{"message":"Successfully connected to  MongoDB.","level":"info"}
{"message":"Successfully connected to  MongoDB.","level":"info"}
{"message":"Successfully connected to  MongoDB.","level":"info"}
{"message":"Successfully connected to  MongoDB.","level":"info"}
{"message":"Successfully connected to  MongoDB.","level":"info"}
{"message":"Successfully connected to  MongoDB.","level":"info"}
{"message":"Error while attempting to connect to database:","level":"error"}
{"message":"Successfully connected to  MongoDB.","level":"info"}
{"message":"Successfully connected to  MongoDB.","level":"info"}
{"message":"Successfully connected to  MongoDB.","level":"info"}
{"message":"Successfully connected to  MongoDB.","level":"info"}
{"message":"Successfully connected to  MongoDB.","level":"info"}
{"message":"Successfully connected to  MongoDB.","level":"info"}
{"message":"Successfully connected to  MongoDB.","level":"info"}
{"message":"Successfully connected to  MongoDB.","level":"info"}
{"message":"Successfully connected to  MongoDB.","level":"info"}
{"message":"Successfully connected to  MongoDB.","level":"info"}
{"message":"Successfully connected to  MongoDB.","level":"info"}
{"message":"Successfully connected to  MongoDB.","level":"info"}
{"message":"Successfully connected to  MongoDB.","level":"info"}
{"message":"Successfully connected to  MongoDB.","level":"info"}
{"message":"Successfully connected to  MongoDB.","level":"info"}
{"message":"Successfully connected to  MongoDB.","level":"info"}
{"message":"Successfully connected to  MongoDB.","level":"info"}
{"message":"Successfully connected to  MongoDB.","level":"info"}
{"message":"Successfully connected to  MongoDB.","level":"info"}
{"message":"Successfully connected to  MongoDB.","level":"info"}
{"message":"Successfully connected to  MongoDB.","level":"info"}
{"message":"Successfully connected to  MongoDB.","level":"info"}
{"message":"Successfully connected to  MongoDB.","level":"info"}
{"message":"Successfully connected to  MongoDB.","level":"info"}
{"message":"Successfully connected to  MongoDB.","level":"info"}
{"message":"Successfully connected to  MongoDB.","level":"info"}
{"message":"Successfully connected to  MongoDB.","level":"info"}
{"message":"Successfully connected to  MongoDB.","level":"info"}
{"message":"Successfully connected to  MongoDB.","level":"info"}
{"message":"Successfully connected to  MongoDB.","level":"info"}
{"message":"Successfully connected to  MongoDB.","level":"info"}
{"message":"Successfully connected to  MongoDB.","level":"info"}
{"message":"Successfully connected to  MongoDB.","level":"info"}
{"message":"Successfully connected to  MongoDB.","level":"info"}
{"message":"Successfully connected to  MongoDB.","level":"info"}
{"message":"Successfully connected to  MongoDB.","level":"info"}
{"message":"Successfully connected to  MongoDB.","level":"info"}
{"message":"Successfully connected to  MongoDB.","level":"info"}
{"message":"Successfully connected to  MongoDB.","level":"info"}
{"message":"Successfully connected to  MongoDB.","level":"info"}
{"message":"Successfully connected to  MongoDB.","level":"info"}
{"message":"Successfully connected to  MongoDB.","level":"info"}
{"message":"Successfully connected to  MongoDB.","level":"info"}
{"message":"Successfully connected to  MongoDB.","level":"info"}
{"message":"Successfully connected to  MongoDB.","level":"info"}
{"message":"Successfully connected to  MongoDB.","level":"info"}
{"message":"Successfully connected to  MongoDB.","level":"info"}
{"message":"Successfully connected to  MongoDB.","level":"info"}
{"message":"Successfully connected to  MongoDB.","level":"info"}
{"message":"Successfully connected to  MongoDB.","level":"info"}
{"message":"Successfully connected to  MongoDB.","level":"info"}
{"message":"Successfully connected to  MongoDB.","level":"info"}
{"message":"Successfully connected to  MongoDB.","level":"info"}
{"message":"Successfully connected to  MongoDB.","level":"info"}
{"message":"Successfully connected to  MongoDB.","level":"info"}
{"message":"Successfully connected to  MongoDB.","level":"info"}
{"message":"Successfully connected to  MongoDB.","level":"info"}
{"message":"Successfully connected to  MongoDB.","level":"info"}
{"message":"Successfully connected to  MongoDB.","level":"info"}
{"message":"Successfully connected to  MongoDB.","level":"info"}
{"message":"Successfully connected to  MongoDB.","level":"info"}
{"message":"Successfully connected to  MongoDB.","level":"info"}
{"message":"Successfully connected to  MongoDB.","level":"info"}
{"message":"Successfully connected to  MongoDB.","level":"info"}
{"message":"Successfully connected to  MongoDB.","level":"info"}
{"message":"Successfully connected to  MongoDB.","level":"info"}
{"message":"Successfully connected to  MongoDB.","level":"info"}
{"message":"Successfully connected to  MongoDB.","level":"info"}
{"message":"Successfully connected to  MongoDB.","level":"info"}
{"message":"Successfully connected to  MongoDB.","level":"info"}
{"message":"Successfully connected to  MongoDB.","level":"info"}
{"message":"Successfully connected to  MongoDB.","level":"info"}
{"message":"Successfully connected to  MongoDB.","level":"info"}
{"message":"Successfully connected to  MongoDB.","level":"info"}
{"message":"Successfully connected to  MongoDB.","level":"info"}
{"message":"Successfully connected to  MongoDB.","level":"info"}
{"message":"Successfully connected to  MongoDB.","level":"info"}
{"message":"Successfully connected to  MongoDB.","level":"info"}
{"message":"Successfully connected to  MongoDB.","level":"info"}
{"message":"Successfully connected to  MongoDB.","level":"info"}
{"message":"Successfully connected to  MongoDB.","level":"info"}
{"message":"Successfully connected to  MongoDB.","level":"info"}
{"message":"Successfully connected to  MongoDB.","level":"info"}
{"message":"Successfully connected to  MongoDB.","level":"info"}
{"message":"Successfully connected to  MongoDB.","level":"info"}
{"message":"Successfully connected to  MongoDB.","level":"info"}
{"message":"Successfully connected to  MongoDB.","level":"info"}
{"message":"Successfully connected to  MongoDB.","level":"info"}
{"message":"Successfully connected to  MongoDB.","level":"info"}
{"message":"Successfully connected to  MongoDB.","level":"info"}
{"message":"Successfully connected to  MongoDB.","level":"info"}
{"message":"Successfully connected to  MongoDB.","level":"info"}
{"message":"Successfully connected to  MongoDB.","level":"info"}
{"message":"Successfully connected to  MongoDB.","level":"info"}
{"message":"Successfully connected to  MongoDB.","level":"info"}
{"message":"Successfully connected to  MongoDB.","level":"info"}
{"message":"Successfully connected to  MongoDB.","level":"info"}
{"message":"Successfully connected to  MongoDB.","level":"info"}
{"message":"Successfully connected to  MongoDB.","level":"info"}
{"message":"Successfully connected to  MongoDB.","level":"info"}
{"message":"Successfully connected to  MongoDB.","level":"info"}
{"message":"Successfully connected to  MongoDB.","level":"info"}
{"message":"Successfully connected to  MongoDB.","level":"info"}
{"message":"Successfully connected to  MongoDB.","level":"info"}
{"message":"Successfully connected to  MongoDB.","level":"info"}
{"message":"Successfully connected to  MongoDB.","level":"info"}
{"message":"Successfully connected to  MongoDB.","level":"info"}
{"message":"Successfully connected to  MongoDB.","level":"info"}
{"message":"Successfully connected to  MongoDB.","level":"info"}
{"message":"Successfully connected to  MongoDB.","level":"info"}
{"message":"Successfully connected to  MongoDB.","level":"info"}
{"message":"Successfully connected to  MongoDB.","level":"info"}
{"message":"Successfully connected to  MongoDB.","level":"info"}
{"message":"Successfully connected to  MongoDB.","level":"info"}
{"message":"Successfully connected to  MongoDB.","level":"info"}
{"message":"Successfully connected to  MongoDB.","level":"info"}
{"message":"Successfully connected to  MongoDB.","level":"info"}
{"message":"Successfully connected to  MongoDB.","level":"info"}
{"message":"Successfully connected to  MongoDB.","level":"info"}
{"message":"Successfully connected to  MongoDB.","level":"info"}
{"message":"Successfully connected to  MongoDB.","level":"info"}
{"message":"Successfully connected to  MongoDB.","level":"info"}
{"message":"Successfully connected to  MongoDB.","level":"info"}
{"message":"Successfully connected to  MongoDB.","level":"info"}
{"message":"Successfully connected to  MongoDB.","level":"info"}
{"message":"Successfully connected to  MongoDB.","level":"info"}
{"message":"Successfully connected to  MongoDB.","level":"info"}
{"message":"Successfully connected to  MongoDB.","level":"info"}
{"message":"Successfully connected to  MongoDB.","level":"info"}
{"message":"Successfully connected to  MongoDB.","level":"info"}
{"message":"Successfully connected to  MongoDB.","level":"info"}
{"message":"Successfully connected to  MongoDB.","level":"info"}
{"message":"Successfully connected to  MongoDB.","level":"info"}
{"message":"Successfully connected to  MongoDB.","level":"info"}
{"message":"Successfully connected to  MongoDB.","level":"info"}
{"message":"Successfully connected to  MongoDB.","level":"info"}
{"message":"Successfully connected to  MongoDB.","level":"info"}
{"message":"Successfully connected to  MongoDB.","level":"info"}
{"message":"Successfully connected to  MongoDB.","level":"info"}
{"message":"Successfully connected to  MongoDB.","level":"info"}
{"message":"Successfully connected to  MongoDB.","level":"info"}
{"message":"Successfully connected to  MongoDB.","level":"info"}
{"message":"Successfully connected to  MongoDB.","level":"info"}
{"message":"Successfully connected to  MongoDB.","level":"info"}
{"message":"Successfully connected to  MongoDB.","level":"info"}
{"message":"Successfully connected to  MongoDB.","level":"info"}
{"message":"Successfully connected to  MongoDB.","level":"info"}
{"message":"Successfully connected to  MongoDB.","level":"info"}
{"message":"Successfully connected to  MongoDB.","level":"info"}
{"message":"Successfully connected to  MongoDB.","level":"info"}
{"message":"Successfully connected to  MongoDB.","level":"info"}
{"message":"Successfully connected to  MongoDB.","level":"info"}
{"message":"Successfully connected to  MongoDB.","level":"info"}
{"message":"Successfully connected to  MongoDB.","level":"info"}
{"message":"Successfully connected to  MongoDB.","level":"info"}
{"message":"Successfully connected to  MongoDB.","level":"info"}
{"message":"Successfully connected to  MongoDB.","level":"info"}
{"message":"Successfully connected to  MongoDB.","level":"info"}
